<?xml version="1.0" encoding="UTF-8"?>
<!-- Generated by org.testng.reporters.JUnitReportReporter -->
<testsuite hostname="AL-SALAM-PC" name="com.FCI.SWE.Services.MsgServicesTest" tests="1" failures="0" timestamp="10 May 2015 21:29:56 GMT" time="0.096" errors="0">
  <testcase name="sendMsg" time="0.096" classname="com.FCI.SWE.Services.MsgServicesTest"/>
</testsuite> <!-- com.FCI.SWE.Services.MsgServicesTest -->
