<?xml version="1.0" encoding="UTF-8"?>
<!-- Generated by org.testng.reporters.JUnitReportReporter -->
<testsuite hostname="AL-SALAM-PC" name="com.FCI.SWE.Services.notificationServiceTest" tests="1" failures="0" timestamp="10 May 2015 18:33:19 GMT" time="7.221" errors="0">
  <testcase name="getAllNotifications" time="7.221" classname="com.FCI.SWE.Services.notificationServiceTest"/>
</testsuite> <!-- com.FCI.SWE.Services.notificationServiceTest -->
