<?xml version="1.0" encoding="UTF-8"?>
<!-- Generated by org.testng.reporters.JUnitReportReporter -->
<testsuite hostname="AL-SALAM-PC" name="com.FCI.SWE.Services.PagePostServicesTest" tests="1" failures="0" timestamp="10 May 2015 19:46:23 GMT" time="7.349" errors="0">
  <testcase name="createPostServicePage" time="7.349" classname="com.FCI.SWE.Services.PagePostServicesTest"/>
</testsuite> <!-- com.FCI.SWE.Services.PagePostServicesTest -->
