<?xml version="1.0" encoding="UTF-8"?>
<!-- Generated by org.testng.reporters.JUnitReportReporter -->
<testsuite hostname="AL-SALAM-PC" name="com.FCI.SWE.Services.PageServicesTest" tests="4" failures="0" timestamp="10 May 2015 19:37:21 GMT" time="0.224" errors="0">
  <testcase name="likePage" time="0.061" classname="com.FCI.SWE.Services.PageServicesTest"/>
  <testcase name="createGroup" time="0.079" classname="com.FCI.SWE.Services.PageServicesTest"/>
  <testcase name="viewPage" time="0.039" classname="com.FCI.SWE.Services.PageServicesTest"/>
  <testcase name="createPage" time="0.045" classname="com.FCI.SWE.Services.PageServicesTest"/>
</testsuite> <!-- com.FCI.SWE.Services.PageServicesTest -->
