<?xml version="1.0" encoding="UTF-8"?>
<!-- Generated by org.testng.reporters.JUnitReportReporter -->
<testsuite hostname="AL-SALAM-PC" name="com.FCI.SWE.Services.HashTagTrendsServicesTest" tests="1" failures="0" timestamp="10 May 2015 20:04:26 GMT" time="8.790" errors="0">
  <testcase name="getTrend" time="8.790" classname="com.FCI.SWE.Services.HashTagTrendsServicesTest"/>
</testsuite> <!-- com.FCI.SWE.Services.HashTagTrendsServicesTest -->
